
2024/04/16 (15:43:33) | ===> btop++ v.1.3.2
2024/04/16 (15:43:33) | INFO: Logger set to INFO
2024/04/16 (15:43:34) | INFO: Logger set to DEBUG
2024/04/16 (15:43:34) | INFO: Logger set to INFO
2024/04/16 (16:02:32) | ERROR: Stall in Runner thread, restarting!
2024/04/16 (16:02:58) | ERROR: Stall in Runner thread, restarting!
2024/04/16 (16:04:06) | ERROR: Stall in Runner thread, restarting!
2024/04/16 (16:06:20) | ERROR: Stall in Runner thread, restarting!
2024/04/16 (16:07:56) | ERROR: Stall in Runner thread, restarting!
2024/04/16 (16:09:30) | ERROR: Stall in Runner thread, restarting!

2024/04/24 (23:15:19) | ===> btop++ v.1.3.2
2024/04/24 (23:15:19) | ERROR: Stall in Runner thread, restarting!
2024/04/24 (23:15:25) | ERROR: Stall in Runner thread, restarting!
2024/04/24 (23:15:31) | ERROR: Stall in Runner thread, restarting!
2024/04/24 (23:15:37) | ERROR: Stall in Runner thread, restarting!
2024/04/24 (23:15:42) | ERROR: Stall in Runner thread, restarting!

2024/04/24 (23:16:22) | ===> btop++ v.1.3.2
2024/04/24 (23:16:22) | ERROR: Stall in Runner thread, restarting!

2024/06/16 (05:53:02) | ===> btop++ v.1.3.2
2024/06/16 (05:53:02) | ERROR: Couldn't determine terminal size of "STDOUT_FILENO"!
2024/06/16 (05:53:02) | ERROR: Couldn't determine terminal size of "/dev/tty"!

2024/06/21 (22:10:07) | ===> btop++ v.1.3.2
2024/06/21 (22:10:07) | ERROR: Couldn't determine terminal size of "STDOUT_FILENO"!
2024/06/21 (22:10:07) | ERROR: Couldn't determine terminal size of "/dev/tty"!

2024/07/13 (23:55:08) | ===> btop++ v.1.3.2
2024/07/13 (23:55:08) | ERROR: Stall in Runner thread, restarting!

2024/08/09 (14:09:32) | ===> btop++ v.1.3.2
2024/08/09 (14:09:33) | ERROR: Stall in Runner thread, restarting!
2024/08/09 (14:09:43) | ERROR: Stall in Runner thread, restarting!
2024/08/09 (14:11:17) | ERROR: Stall in Runner thread, restarting!
2024/08/09 (14:11:42) | ERROR: Stall in Runner thread, restarting!
2024/08/09 (14:11:56) | ERROR: Stall in Runner thread, restarting!
2024/08/09 (14:12:10) | ERROR: Stall in Runner thread, restarting!
2024/08/09 (14:12:23) | ERROR: Stall in Runner thread, restarting!
2024/08/09 (14:13:08) | ERROR: Stall in Runner thread, restarting!
2024/08/09 (14:16:25) | ERROR: Stall in Runner thread, restarting!

2024/08/15 (12:29:01) | ===> btop++ v.1.3.2
2024/08/15 (12:29:01) | ERROR: Couldn't determine terminal size of "STDOUT_FILENO"!
2024/08/15 (12:29:01) | ERROR: Couldn't determine terminal size of "/dev/tty"!

2024/09/17 (08:07:18) | ===> btop++ v.1.3.2
2024/09/17 (08:07:18) | ERROR: Couldn't determine terminal size of "STDOUT_FILENO"!
2024/09/17 (08:07:18) | ERROR: Couldn't determine terminal size of "/dev/tty"!

2024/09/18 (21:08:47) | ===> btop++ v.1.3.2
2024/09/18 (21:08:47) | ERROR: Couldn't determine terminal size of "STDOUT_FILENO"!
2024/09/18 (21:08:47) | ERROR: Couldn't determine terminal size of "/dev/tty"!

2024/09/26 (16:58:52) | ===> btop++ v.1.3.2
2024/09/26 (16:58:52) | ERROR: Couldn't determine terminal size of "STDOUT_FILENO"!
2024/09/26 (16:58:52) | ERROR: Couldn't determine terminal size of "/dev/tty"!

2024/11/05 (04:51:16) | ===> btop++ v.1.4.0
2024/11/05 (04:51:16) | ERROR: Couldn't determine terminal size of "STDOUT_FILENO"!
2024/11/05 (04:51:16) | ERROR: Couldn't determine terminal size of "/dev/tty"!

2024/12/21 (23:31:37) | ===> btop++ v.1.4.0
2024/12/21 (23:31:37) | ERROR: Couldn't determine terminal size of "STDOUT_FILENO"!
2024/12/21 (23:31:37) | ERROR: Couldn't determine terminal size of "/dev/tty"!

2025/01/09 (18:46:31) | ===> btop++ v.1.4.0
2025/01/09 (18:46:31) | ERROR: Couldn't determine terminal size of "STDOUT_FILENO"!
2025/01/09 (18:46:31) | ERROR: Couldn't determine terminal size of "/dev/tty"!

2025/01/11 (16:09:01) | ===> btop++ v.1.4.0
2025/01/11 (16:09:01) | ERROR: Couldn't determine terminal size of "STDOUT_FILENO"!
2025/01/11 (16:09:01) | ERROR: Couldn't determine terminal size of "/dev/tty"!

2025/01/14 (14:18:21) | ===> btop++ v.1.4.0
2025/01/14 (14:18:21) | ERROR: Exception during Config::unlock() : unordered_map::at

2025/02/08 (09:07:05) | ===> btop++ v.1.4.0
2025/02/08 (09:07:05) | ERROR: Couldn't determine terminal size of "STDOUT_FILENO"!
2025/02/08 (09:07:05) | ERROR: Couldn't determine terminal size of "/dev/tty"!

2025/03/07 (04:04:04) | ===> btop++ v.1.4.0
2025/03/07 (04:04:06) | ERROR: Stall in Runner thread, restarting!
2025/03/07 (04:08:24) | ERROR: Stall in Runner thread, restarting!
2025/03/07 (04:14:58) | ERROR: Stall in Runner thread, restarting!
2025/03/07 (04:15:09) | ERROR: Stall in Runner thread, restarting!

2025/03/22 (01:10:31) | ===> btop++ v.1.4.0
2025/03/22 (01:10:31) | WARNING: NVML: Failed to get maximum GPU power draw, defaulting to 225W: Not Supported

2025/03/24 (17:44:24) | ===> btop++ v.1.4.0
2025/03/24 (17:44:24) | WARNING: NVML: Failed to get maximum GPU power draw, defaulting to 225W: Not Supported

2025/03/24 (17:58:02) | ===> btop++ v.1.4.0
2025/03/24 (17:58:02) | WARNING: NVML: Failed to get maximum GPU power draw, defaulting to 225W: Not Supported

2025/03/25 (03:42:05) | ===> btop++ v.1.4.0
2025/03/25 (03:42:05) | WARNING: NVML: Failed to get maximum GPU power draw, defaulting to 225W: Not Supported

2025/03/25 (04:10:25) | ===> btop++ v.1.4.0
2025/03/25 (04:10:25) | WARNING: NVML: Failed to get maximum GPU power draw, defaulting to 225W: Not Supported

2025/03/25 (04:21:38) | ===> btop++ v.1.4.0
2025/03/25 (04:21:38) | WARNING: NVML: Failed to get maximum GPU power draw, defaulting to 225W: Not Supported

2025/03/25 (09:55:59) | ===> btop++ v.1.4.0
2025/03/25 (09:55:59) | WARNING: NVML: Failed to get maximum GPU power draw, defaulting to 225W: Not Supported

2025/03/25 (10:53:35) | ===> btop++ v.1.4.0
2025/03/25 (10:53:35) | WARNING: NVML: Failed to get maximum GPU power draw, defaulting to 225W: Not Supported

2025/03/26 (12:50:39) | ===> btop++ v.1.4.0
2025/03/26 (12:50:39) | WARNING: NVML: Failed to get maximum GPU power draw, defaulting to 225W: Not Supported

2025/03/27 (09:56:42) | ===> btop++ v.1.4.0
2025/03/27 (09:56:42) | WARNING: NVML: Failed to get maximum GPU power draw, defaulting to 225W: Not Supported

2025/03/27 (18:41:13) | ===> btop++ v.1.4.0
2025/03/27 (18:41:13) | WARNING: NVML: Failed to get maximum GPU power draw, defaulting to 225W: Not Supported

2025/03/28 (14:49:29) | ===> btop++ v.1.4.0
2025/03/28 (14:49:29) | WARNING: NVML: Failed to get maximum GPU power draw, defaulting to 225W: Not Supported

2025/03/29 (14:40:27) | ===> btop++ v.1.4.0
2025/03/29 (14:40:27) | WARNING: NVML: Failed to get maximum GPU power draw, defaulting to 225W: Not Supported

2025/03/29 (14:40:37) | ===> btop++ v.1.4.0
2025/03/29 (14:40:37) | WARNING: NVML: Failed to get maximum GPU power draw, defaulting to 225W: Not Supported

2025/03/30 (15:31:59) | ===> btop++ v.1.4.0
2025/03/30 (15:31:59) | WARNING: NVML: Failed to get maximum GPU power draw, defaulting to 225W: Not Supported

2025/03/30 (18:48:53) | ===> btop++ v.1.4.0
2025/03/30 (18:48:53) | WARNING: NVML: Failed to get maximum GPU power draw, defaulting to 225W: Not Supported

2025/03/30 (19:47:04) | ===> btop++ v.1.4.0
2025/03/30 (19:47:04) | WARNING: NVML: Failed to get maximum GPU power draw, defaulting to 225W: Not Supported

2025/03/30 (20:17:17) | ===> btop++ v.1.4.0
2025/03/30 (20:17:17) | WARNING: NVML: Failed to get maximum GPU power draw, defaulting to 225W: Not Supported

2025/03/31 (11:23:21) | ===> btop++ v.1.4.0
2025/03/31 (11:23:21) | WARNING: NVML: Failed to get maximum GPU power draw, defaulting to 225W: Not Supported
